<?xml version="1.0" encoding="UTF-8"?>
<!-- Generated by org.testng.reporters.JUnitXMLReporter -->
<testsuite hostname="akshay-ThinkPad-L440" ignored="0" name="Default test" tests="2" failures="0" timestamp="19 Mar 2019 10:12:46 GMT" time="6.135" errors="0">
  <testcase name="testProductCreate" time="0.413" classname="com.buzzybrains.MultipleDataSourceApplicationTests"/>
  <testcase name="testUserCreate" time="0.045" classname="com.buzzybrains.MultipleDataSourceApplicationTests"/>
</testsuite> <!-- Default test -->
